<?xml version="1.0" encoding="UTF-8"?>
<coverage generated="1753635881058" clover="3.2.0">
  <project timestamp="1753635881058" name="All files">
    <metrics statements="94" coveredstatements="93" conditionals="34" coveredconditionals="31" methods="32" coveredmethods="30" elements="160" coveredelements="154" complexity="0" loc="94" ncloc="94" packages="1" files="3" classes="3"/>
    <file name="App.jsx" path="E:\SRE_Project\AI-Code-Reviewer\frontend\src\App.jsx">
      <metrics statements="11" coveredstatements="11" conditionals="2" coveredconditionals="2" methods="3" coveredmethods="3"/>
      <line num="5" count="9" type="stmt"/>
      <line num="6" count="9" type="stmt"/>
      <line num="8" count="9" type="stmt"/>
      <line num="10" count="3" type="stmt"/>
      <line num="15" count="3" type="stmt"/>
      <line num="18" count="9" type="stmt"/>
      <line num="19" count="1" type="stmt"/>
      <line num="20" count="1" type="stmt"/>
      <line num="23" count="9" type="cond" truecount="2" falsecount="0"/>
      <line num="24" count="6" type="stmt"/>
      <line num="41" count="3" type="stmt"/>
    </file>
    <file name="CompanyService.jsx" path="E:\SRE_Project\AI-Code-Reviewer\frontend\src\CompanyService.jsx">
      <metrics statements="43" coveredstatements="43" conditionals="16" coveredconditionals="16" methods="16" coveredmethods="16"/>
      <line num="4" count="2" type="stmt"/>
      <line num="5" count="2" type="stmt"/>
      <line num="10" count="5" type="stmt"/>
      <line num="12" count="2" type="stmt"/>
      <line num="16" count="3" type="stmt"/>
      <line num="18" count="3" type="stmt"/>
      <line num="19" count="3" type="cond" truecount="2" falsecount="0"/>
      <line num="20" count="2" type="stmt"/>
      <line num="22" count="1" type="stmt"/>
      <line num="26" count="11" type="stmt"/>
      <line num="29" count="11" type="cond" truecount="4" falsecount="0"/>
      <line num="30" count="2" type="stmt"/>
      <line num="34" count="9" type="stmt"/>
      <line num="35" count="9" type="cond" truecount="2" falsecount="0"/>
      <line num="36" count="1" type="stmt"/>
      <line num="39" count="8" type="stmt"/>
      <line num="51" count="8" type="stmt"/>
      <line num="52" count="8" type="stmt"/>
      <line num="56" count="2" type="stmt"/>
      <line num="58" count="2" type="stmt"/>
      <line num="59" count="2" type="cond" truecount="2" falsecount="0"/>
      <line num="60" count="1" type="stmt"/>
      <line num="63" count="1" type="stmt"/>
      <line num="69" count="1" type="stmt"/>
      <line num="70" count="1" type="stmt"/>
      <line num="74" count="2" type="stmt"/>
      <line num="76" count="2" type="stmt"/>
      <line num="77" count="2" type="cond" truecount="2" falsecount="0"/>
      <line num="78" count="1" type="stmt"/>
      <line num="81" count="1" type="stmt"/>
      <line num="82" count="1" type="stmt"/>
      <line num="86" count="2" type="stmt"/>
      <line num="88" count="2" type="stmt"/>
      <line num="89" count="2" type="cond" truecount="2" falsecount="0"/>
      <line num="90" count="1" type="stmt"/>
      <line num="92" count="1" type="stmt"/>
      <line num="97" count="26" type="stmt"/>
      <line num="102" count="4" type="stmt"/>
      <line num="126" count="4" type="stmt"/>
      <line num="131" count="37" type="stmt"/>
      <line num="132" count="37" type="stmt"/>
      <line num="137" count="2" type="stmt"/>
      <line num="140" count="2" type="stmt"/>
    </file>
    <file name="Dashboard.jsx" path="E:\SRE_Project\AI-Code-Reviewer\frontend\src\Dashboard.jsx">
      <metrics statements="40" coveredstatements="39" conditionals="16" coveredconditionals="13" methods="13" coveredmethods="11"/>
      <line num="4" count="2" type="stmt"/>
      <line num="5" count="23" type="stmt"/>
      <line num="11" count="23" type="stmt"/>
      <line num="12" count="23" type="stmt"/>
      <line num="13" count="23" type="stmt"/>
      <line num="15" count="23" type="stmt"/>
      <line num="16" count="12" type="stmt"/>
      <line num="19" count="23" type="stmt"/>
      <line num="20" count="13" type="stmt"/>
      <line num="21" count="13" type="stmt"/>
      <line num="22" count="13" type="stmt"/>
      <line num="24" count="13" type="stmt"/>
      <line num="25" count="7" type="stmt"/>
      <line num="28" count="7" type="stmt"/>
      <line num="30" count="12" type="cond" truecount="1" falsecount="1"/>
      <line num="31" count="12" type="cond" truecount="1" falsecount="1"/>
      <line num="32" count="12" type="cond" truecount="1" falsecount="1"/>
      <line num="35" count="2" type="stmt"/>
      <line num="37" count="9" type="stmt"/>
      <line num="41" count="23" type="stmt"/>
      <line num="42" count="2" type="stmt"/>
      <line num="43" count="2" type="stmt"/>
      <line num="49" count="2" type="stmt"/>
      <line num="50" count="1" type="stmt"/>
      <line num="53" count="1" type="stmt"/>
      <line num="58" count="1" type="stmt"/>
      <line num="62" count="23" type="stmt"/>
      <line num="63" count="1" type="stmt"/>
      <line num="64" count="1" type="stmt"/>
      <line num="65" count="2" type="stmt"/>
      <line num="66" count="1" type="stmt"/>
      <line num="69" count="1" type="stmt"/>
      <line num="74" count="0" type="stmt"/>
      <line num="78" count="23" type="cond" truecount="2" falsecount="0"/>
      <line num="79" count="13" type="stmt"/>
      <line num="86" count="10" type="cond" truecount="2" falsecount="0"/>
      <line num="87" count="3" type="stmt"/>
      <line num="98" count="7" type="stmt"/>
      <line num="147" count="12" type="stmt"/>
      <line num="178" count="1" type="stmt"/>
    </file>
  </project>
</coverage>
