{"E:\\SRE_Project\\AI-Code-Reviewer\\frontend\\src\\App.jsx": {"path":"E:\\SRE_Project\\AI-Code-Reviewer\\frontend\\src\\App.jsx","statementMap":{"0":{"start":{"line":5,"column":38},"end":{"line":5,"column":53}},"1":{"start":{"line":6,"column":26},"end":{"line":6,"column":40}},"2":{"start":{"line":8,"column":22},"end":{"line":16,"column":3}},"3":{"start":{"line":10,"column":4},"end":{"line":14,"column":6}},"4":{"start":{"line":15,"column":4},"end":{"line":15,"column":23}},"5":{"start":{"line":18,"column":23},"end":{"line":21,"column":3}},"6":{"start":{"line":19,"column":4},"end":{"line":19,"column":17}},"7":{"start":{"line":20,"column":4},"end":{"line":20,"column":24}},"8":{"start":{"line":23,"column":2},"end":{"line":39,"column":3}},"9":{"start":{"line":24,"column":4},"end":{"line":38,"column":5}},"10":{"start":{"line":41,"column":2},"end":{"line":68,"column":3}}},"fnMap":{"0":{"name":"App","decl":{"start":{"line":4,"column":9},"end":{"line":4,"column":12}},"loc":{"start":{"line":4,"column":15},"end":{"line":69,"column":1}},"line":4},"1":{"name":"(anonymous_1)","decl":{"start":{"line":8,"column":22},"end":{"line":8,"column":23}},"loc":{"start":{"line":8,"column":28},"end":{"line":16,"column":3}},"line":8},"2":{"name":"(anonymous_2)","decl":{"start":{"line":18,"column":23},"end":{"line":18,"column":24}},"loc":{"start":{"line":18,"column":29},"end":{"line":21,"column":3}},"line":18}},"branchMap":{"0":{"loc":{"start":{"line":23,"column":2},"end":{"line":39,"column":3}},"type":"if","locations":[{"start":{"line":23,"column":2},"end":{"line":39,"column":3}},{"start":{},"end":{}}],"line":23}},"s":{"0":9,"1":9,"2":9,"3":3,"4":3,"5":9,"6":1,"7":1,"8":9,"9":6,"10":3},"f":{"0":9,"1":3,"2":1},"b":{"0":[6,3]},"_coverageSchema":"1a1c01bbd47fc00a2c39e90264f33305004495a9","hash":"67d3e824a265a9ad7e8b2dffc33116a685028aed"}
,"E:\\SRE_Project\\AI-Code-Reviewer\\frontend\\src\\CompanyService.jsx": {"path":"E:\\SRE_Project\\AI-Code-Reviewer\\frontend\\src\\CompanyService.jsx","statementMap":{"0":{"start":{"line":4,"column":4},"end":{"line":4,"column":23}},"1":{"start":{"line":5,"column":4},"end":{"line":5,"column":19}},"2":{"start":{"line":10,"column":4},"end":{"line":10,"column":25}},"3":{"start":{"line":12,"column":4},"end":{"line":12,"column":30}},"4":{"start":{"line":16,"column":4},"end":{"line":16,"column":25}},"5":{"start":{"line":18,"column":20},"end":{"line":18,"column":57}},"6":{"start":{"line":18,"column":45},"end":{"line":18,"column":56}},"7":{"start":{"line":19,"column":4},"end":{"line":21,"column":5}},"8":{"start":{"line":20,"column":6},"end":{"line":20,"column":56}},"9":{"start":{"line":22,"column":4},"end":{"line":22,"column":25}},"10":{"start":{"line":26,"column":4},"end":{"line":26,"column":25}},"11":{"start":{"line":29,"column":4},"end":{"line":31,"column":5}},"12":{"start":{"line":30,"column":6},"end":{"line":30,"column":69}},"13":{"start":{"line":34,"column":21},"end":{"line":34,"column":88}},"14":{"start":{"line":34,"column":46},"end":{"line":34,"column":87}},"15":{"start":{"line":35,"column":4},"end":{"line":37,"column":5}},"16":{"start":{"line":36,"column":6},"end":{"line":36,"column":77}},"17":{"start":{"line":39,"column":23},"end":{"line":49,"column":5}},"18":{"start":{"line":51,"column":4},"end":{"line":51,"column":35}},"19":{"start":{"line":52,"column":4},"end":{"line":52,"column":28}},"20":{"start":{"line":56,"column":4},"end":{"line":56,"column":25}},"21":{"start":{"line":58,"column":25},"end":{"line":58,"column":67}},"22":{"start":{"line":58,"column":55},"end":{"line":58,"column":66}},"23":{"start":{"line":59,"column":4},"end":{"line":61,"column":5}},"24":{"start":{"line":60,"column":6},"end":{"line":60,"column":56}},"25":{"start":{"line":63,"column":27},"end":{"line":67,"column":5}},"26":{"start":{"line":69,"column":4},"end":{"line":69,"column":49}},"27":{"start":{"line":70,"column":4},"end":{"line":70,"column":32}},"28":{"start":{"line":74,"column":4},"end":{"line":74,"column":25}},"29":{"start":{"line":76,"column":25},"end":{"line":76,"column":67}},"30":{"start":{"line":76,"column":55},"end":{"line":76,"column":66}},"31":{"start":{"line":77,"column":4},"end":{"line":79,"column":5}},"32":{"start":{"line":78,"column":6},"end":{"line":78,"column":56}},"33":{"start":{"line":81,"column":4},"end":{"line":81,"column":42}},"34":{"start":{"line":82,"column":4},"end":{"line":82,"column":15}},"35":{"start":{"line":86,"column":4},"end":{"line":86,"column":25}},"36":{"start":{"line":88,"column":20},"end":{"line":88,"column":75}},"37":{"start":{"line":88,"column":45},"end":{"line":88,"column":74}},"38":{"start":{"line":89,"column":4},"end":{"line":91,"column":5}},"39":{"start":{"line":90,"column":6},"end":{"line":90,"column":73}},"40":{"start":{"line":92,"column":4},"end":{"line":92,"column":25}},"41":{"start":{"line":97,"column":4},"end":{"line":97,"column":58}},"42":{"start":{"line":97,"column":34},"end":{"line":97,"column":57}},"43":{"start":{"line":102,"column":4},"end":{"line":125,"column":5}},"44":{"start":{"line":126,"column":4},"end":{"line":126,"column":19}},"45":{"start":{"line":131,"column":4},"end":{"line":131,"column":23}},"46":{"start":{"line":132,"column":4},"end":{"line":132,"column":19}},"47":{"start":{"line":137,"column":30},"end":{"line":137,"column":50}},"48":{"start":{"line":140,"column":0},"end":{"line":140,"column":25}}},"fnMap":{"0":{"name":"(anonymous_0)","decl":{"start":{"line":3,"column":2},"end":{"line":3,"column":3}},"loc":{"start":{"line":3,"column":16},"end":{"line":6,"column":3}},"line":3},"1":{"name":"(anonymous_1)","decl":{"start":{"line":8,"column":2},"end":{"line":8,"column":3}},"loc":{"start":{"line":8,"column":23},"end":{"line":13,"column":3}},"line":8},"2":{"name":"(anonymous_2)","decl":{"start":{"line":15,"column":2},"end":{"line":15,"column":3}},"loc":{"start":{"line":15,"column":27},"end":{"line":23,"column":3}},"line":15},"3":{"name":"(anonymous_3)","decl":{"start":{"line":18,"column":40},"end":{"line":18,"column":41}},"loc":{"start":{"line":18,"column":45},"end":{"line":18,"column":56}},"line":18},"4":{"name":"(anonymous_4)","decl":{"start":{"line":25,"column":2},"end":{"line":25,"column":3}},"loc":{"start":{"line":25,"column":35},"end":{"line":53,"column":3}},"line":25},"5":{"name":"(anonymous_5)","decl":{"start":{"line":34,"column":41},"end":{"line":34,"column":42}},"loc":{"start":{"line":34,"column":46},"end":{"line":34,"column":87}},"line":34},"6":{"name":"(anonymous_6)","decl":{"start":{"line":55,"column":2},"end":{"line":55,"column":3}},"loc":{"start":{"line":55,"column":38},"end":{"line":71,"column":3}},"line":55},"7":{"name":"(anonymous_7)","decl":{"start":{"line":58,"column":50},"end":{"line":58,"column":51}},"loc":{"start":{"line":58,"column":55},"end":{"line":58,"column":66}},"line":58},"8":{"name":"(anonymous_8)","decl":{"start":{"line":73,"column":2},"end":{"line":73,"column":3}},"loc":{"start":{"line":73,"column":26},"end":{"line":83,"column":3}},"line":73},"9":{"name":"(anonymous_9)","decl":{"start":{"line":76,"column":50},"end":{"line":76,"column":51}},"loc":{"start":{"line":76,"column":55},"end":{"line":76,"column":66}},"line":76},"10":{"name":"(anonymous_10)","decl":{"start":{"line":85,"column":2},"end":{"line":85,"column":3}},"loc":{"start":{"line":85,"column":43},"end":{"line":93,"column":3}},"line":85},"11":{"name":"(anonymous_11)","decl":{"start":{"line":88,"column":40},"end":{"line":88,"column":41}},"loc":{"start":{"line":88,"column":45},"end":{"line":88,"column":74}},"line":88},"12":{"name":"(anonymous_12)","decl":{"start":{"line":96,"column":2},"end":{"line":96,"column":3}},"loc":{"start":{"line":96,"column":12},"end":{"line":98,"column":3}},"line":96},"13":{"name":"(anonymous_13)","decl":{"start":{"line":97,"column":23},"end":{"line":97,"column":24}},"loc":{"start":{"line":97,"column":34},"end":{"line":97,"column":57}},"line":97},"14":{"name":"(anonymous_14)","decl":{"start":{"line":101,"column":2},"end":{"line":101,"column":3}},"loc":{"start":{"line":101,"column":13},"end":{"line":127,"column":3}},"line":101},"15":{"name":"(anonymous_15)","decl":{"start":{"line":130,"column":2},"end":{"line":130,"column":3}},"loc":{"start":{"line":130,"column":10},"end":{"line":133,"column":3}},"line":130}},"branchMap":{"0":{"loc":{"start":{"line":19,"column":4},"end":{"line":21,"column":5}},"type":"if","locations":[{"start":{"line":19,"column":4},"end":{"line":21,"column":5}},{"start":{},"end":{}}],"line":19},"1":{"loc":{"start":{"line":29,"column":4},"end":{"line":31,"column":5}},"type":"if","locations":[{"start":{"line":29,"column":4},"end":{"line":31,"column":5}},{"start":{},"end":{}}],"line":29},"2":{"loc":{"start":{"line":29,"column":8},"end":{"line":29,"column":53}},"type":"binary-expr","locations":[{"start":{"line":29,"column":8},"end":{"line":29,"column":25}},{"start":{"line":29,"column":29},"end":{"line":29,"column":53}}],"line":29},"3":{"loc":{"start":{"line":35,"column":4},"end":{"line":37,"column":5}},"type":"if","locations":[{"start":{"line":35,"column":4},"end":{"line":37,"column":5}},{"start":{},"end":{}}],"line":35},"4":{"loc":{"start":{"line":43,"column":14},"end":{"line":43,"column":45}},"type":"binary-expr","locations":[{"start":{"line":43,"column":14},"end":{"line":43,"column":32}},{"start":{"line":43,"column":36},"end":{"line":43,"column":45}}],"line":43},"5":{"loc":{"start":{"line":59,"column":4},"end":{"line":61,"column":5}},"type":"if","locations":[{"start":{"line":59,"column":4},"end":{"line":61,"column":5}},{"start":{},"end":{}}],"line":59},"6":{"loc":{"start":{"line":77,"column":4},"end":{"line":79,"column":5}},"type":"if","locations":[{"start":{"line":77,"column":4},"end":{"line":79,"column":5}},{"start":{},"end":{}}],"line":77},"7":{"loc":{"start":{"line":89,"column":4},"end":{"line":91,"column":5}},"type":"if","locations":[{"start":{"line":89,"column":4},"end":{"line":91,"column":5}},{"start":{},"end":{}}],"line":89}},"s":{"0":2,"1":2,"2":5,"3":2,"4":3,"5":3,"6":1,"7":3,"8":2,"9":1,"10":11,"11":11,"12":2,"13":9,"14":1,"15":9,"16":1,"17":8,"18":8,"19":8,"20":2,"21":2,"22":1,"23":2,"24":1,"25":1,"26":1,"27":1,"28":2,"29":2,"30":1,"31":2,"32":1,"33":1,"34":1,"35":2,"36":2,"37":1,"38":2,"39":1,"40":1,"41":26,"42":26,"43":4,"44":4,"45":37,"46":37,"47":2,"48":2},"f":{"0":2,"1":5,"2":3,"3":1,"4":11,"5":1,"6":2,"7":1,"8":2,"9":1,"10":2,"11":1,"12":26,"13":26,"14":4,"15":37},"b":{"0":[2,1],"1":[2,9],"2":[11,10],"3":[1,8],"4":[8,7],"5":[1,1],"6":[1,1],"7":[1,1]},"_coverageSchema":"1a1c01bbd47fc00a2c39e90264f33305004495a9","hash":"bec857cc0cea2c586890827dc5c8aed002e86d3a"}
,"E:\\SRE_Project\\AI-Code-Reviewer\\frontend\\src\\Dashboard.jsx": {"path":"E:\\SRE_Project\\AI-Code-Reviewer\\frontend\\src\\Dashboard.jsx","statementMap":{"0":{"start":{"line":4,"column":18},"end":{"line":191,"column":1}},"1":{"start":{"line":5,"column":28},"end":{"line":10,"column":4}},"2":{"start":{"line":11,"column":36},"end":{"line":11,"column":48}},"3":{"start":{"line":12,"column":32},"end":{"line":12,"column":46}},"4":{"start":{"line":13,"column":28},"end":{"line":13,"column":42}},"5":{"start":{"line":15,"column":2},"end":{"line":17,"column":8}},"6":{"start":{"line":16,"column":4},"end":{"line":16,"column":23}},"7":{"start":{"line":19,"column":28},"end":{"line":39,"column":3}},"8":{"start":{"line":20,"column":4},"end":{"line":38,"column":5}},"9":{"start":{"line":21,"column":6},"end":{"line":21,"column":22}},"10":{"start":{"line":22,"column":6},"end":{"line":22,"column":20}},"11":{"start":{"line":24,"column":28},"end":{"line":24,"column":63}},"12":{"start":{"line":25,"column":6},"end":{"line":25,"column":33}},"13":{"start":{"line":28,"column":6},"end":{"line":33,"column":8}},"14":{"start":{"line":30,"column":66},"end":{"line":30,"column":99}},"15":{"start":{"line":31,"column":62},"end":{"line":31,"column":91}},"16":{"start":{"line":32,"column":60},"end":{"line":32,"column":87}},"17":{"start":{"line":35,"column":6},"end":{"line":35,"column":27}},"18":{"start":{"line":37,"column":6},"end":{"line":37,"column":23}},"19":{"start":{"line":41,"column":27},"end":{"line":60,"column":3}},"20":{"start":{"line":42,"column":4},"end":{"line":59,"column":5}},"21":{"start":{"line":43,"column":25},"end":{"line":47,"column":7}},"22":{"start":{"line":49,"column":29},"end":{"line":49,"column":75}},"23":{"start":{"line":50,"column":6},"end":{"line":50,"column":50}},"24":{"start":{"line":53,"column":6},"end":{"line":56,"column":9}},"25":{"start":{"line":53,"column":24},"end":{"line":56,"column":7}},"26":{"start":{"line":58,"column":6},"end":{"line":58,"column":27}},"27":{"start":{"line":62,"column":30},"end":{"line":76,"column":3}},"28":{"start":{"line":63,"column":4},"end":{"line":75,"column":5}},"29":{"start":{"line":64,"column":6},"end":{"line":64,"column":51}},"30":{"start":{"line":65,"column":31},"end":{"line":65,"column":72}},"31":{"start":{"line":65,"column":53},"end":{"line":65,"column":71}},"32":{"start":{"line":66,"column":6},"end":{"line":66,"column":36}},"33":{"start":{"line":69,"column":6},"end":{"line":72,"column":9}},"34":{"start":{"line":69,"column":24},"end":{"line":72,"column":7}},"35":{"start":{"line":74,"column":6},"end":{"line":74,"column":27}},"36":{"start":{"line":78,"column":2},"end":{"line":84,"column":3}},"37":{"start":{"line":79,"column":4},"end":{"line":83,"column":5}},"38":{"start":{"line":86,"column":2},"end":{"line":96,"column":3}},"39":{"start":{"line":87,"column":4},"end":{"line":95,"column":5}},"40":{"start":{"line":98,"column":2},"end":{"line":190,"column":3}},"41":{"start":{"line":147,"column":14},"end":{"line":184,"column":20}},"42":{"start":{"line":178,"column":35},"end":{"line":178,"column":66}}},"fnMap":{"0":{"name":"(anonymous_0)","decl":{"start":{"line":4,"column":18},"end":{"line":4,"column":19}},"loc":{"start":{"line":4,"column":24},"end":{"line":191,"column":1}},"line":4},"1":{"name":"(anonymous_1)","decl":{"start":{"line":15,"column":12},"end":{"line":15,"column":13}},"loc":{"start":{"line":15,"column":18},"end":{"line":17,"column":3}},"line":15},"2":{"name":"(anonymous_2)","decl":{"start":{"line":19,"column":28},"end":{"line":19,"column":29}},"loc":{"start":{"line":19,"column":40},"end":{"line":39,"column":3}},"line":19},"3":{"name":"(anonymous_3)","decl":{"start":{"line":30,"column":48},"end":{"line":30,"column":49}},"loc":{"start":{"line":30,"column":66},"end":{"line":30,"column":99}},"line":30},"4":{"name":"(anonymous_4)","decl":{"start":{"line":31,"column":44},"end":{"line":31,"column":45}},"loc":{"start":{"line":31,"column":62},"end":{"line":31,"column":91}},"line":31},"5":{"name":"(anonymous_5)","decl":{"start":{"line":32,"column":42},"end":{"line":32,"column":43}},"loc":{"start":{"line":32,"column":60},"end":{"line":32,"column":87}},"line":32},"6":{"name":"(anonymous_6)","decl":{"start":{"line":41,"column":27},"end":{"line":41,"column":28}},"loc":{"start":{"line":41,"column":39},"end":{"line":60,"column":3}},"line":41},"7":{"name":"(anonymous_7)","decl":{"start":{"line":53,"column":15},"end":{"line":53,"column":16}},"loc":{"start":{"line":53,"column":24},"end":{"line":56,"column":7}},"line":53},"8":{"name":"(anonymous_8)","decl":{"start":{"line":62,"column":30},"end":{"line":62,"column":31}},"loc":{"start":{"line":62,"column":51},"end":{"line":76,"column":3}},"line":62},"9":{"name":"(anonymous_9)","decl":{"start":{"line":65,"column":48},"end":{"line":65,"column":49}},"loc":{"start":{"line":65,"column":53},"end":{"line":65,"column":71}},"line":65},"10":{"name":"(anonymous_10)","decl":{"start":{"line":69,"column":15},"end":{"line":69,"column":16}},"loc":{"start":{"line":69,"column":24},"end":{"line":72,"column":7}},"line":69},"11":{"name":"(anonymous_11)","decl":{"start":{"line":146,"column":27},"end":{"line":146,"column":28}},"loc":{"start":{"line":147,"column":14},"end":{"line":184,"column":20}},"line":147},"12":{"name":"(anonymous_12)","decl":{"start":{"line":178,"column":29},"end":{"line":178,"column":30}},"loc":{"start":{"line":178,"column":35},"end":{"line":178,"column":66}},"line":178}},"branchMap":{"0":{"loc":{"start":{"line":30,"column":73},"end":{"line":30,"column":98}},"type":"binary-expr","locations":[{"start":{"line":30,"column":73},"end":{"line":30,"column":93}},{"start":{"line":30,"column":97},"end":{"line":30,"column":98}}],"line":30},"1":{"loc":{"start":{"line":31,"column":69},"end":{"line":31,"column":90}},"type":"binary-expr","locations":[{"start":{"line":31,"column":69},"end":{"line":31,"column":85}},{"start":{"line":31,"column":89},"end":{"line":31,"column":90}}],"line":31},"2":{"loc":{"start":{"line":32,"column":67},"end":{"line":32,"column":86}},"type":"binary-expr","locations":[{"start":{"line":32,"column":67},"end":{"line":32,"column":81}},{"start":{"line":32,"column":85},"end":{"line":32,"column":86}}],"line":32},"3":{"loc":{"start":{"line":78,"column":2},"end":{"line":84,"column":3}},"type":"if","locations":[{"start":{"line":78,"column":2},"end":{"line":84,"column":3}},{"start":{},"end":{}}],"line":78},"4":{"loc":{"start":{"line":86,"column":2},"end":{"line":96,"column":3}},"type":"if","locations":[{"start":{"line":86,"column":2},"end":{"line":96,"column":3}},{"start":{},"end":{}}],"line":86},"5":{"loc":{"start":{"line":142,"column":9},"end":{"line":187,"column":9}},"type":"cond-expr","locations":[{"start":{"line":143,"column":10},"end":{"line":143,"column":71}},{"start":{"line":145,"column":10},"end":{"line":186,"column":16}}],"line":142},"6":{"loc":{"start":{"line":167,"column":34},"end":{"line":167,"column":85}},"type":"cond-expr","locations":[{"start":{"line":167,"column":64},"end":{"line":167,"column":73}},{"start":{"line":167,"column":76},"end":{"line":167,"column":85}}],"line":167},"7":{"loc":{"start":{"line":168,"column":29},"end":{"line":168,"column":80}},"type":"cond-expr","locations":[{"start":{"line":168,"column":59},"end":{"line":168,"column":68}},{"start":{"line":168,"column":71},"end":{"line":168,"column":80}}],"line":168}},"s":{"0":2,"1":23,"2":23,"3":23,"4":23,"5":23,"6":12,"7":23,"8":13,"9":13,"10":13,"11":13,"12":7,"13":7,"14":12,"15":12,"16":12,"17":2,"18":9,"19":23,"20":2,"21":2,"22":2,"23":1,"24":1,"25":0,"26":1,"27":23,"28":1,"29":1,"30":1,"31":2,"32":1,"33":1,"34":0,"35":0,"36":23,"37":13,"38":10,"39":3,"40":7,"41":12,"42":1},"f":{"0":23,"1":12,"2":13,"3":12,"4":12,"5":12,"6":2,"7":0,"8":1,"9":2,"10":0,"11":12,"12":1},"b":{"0":[12,0],"1":[12,0],"2":[12,0],"3":[13,10],"4":[3,7],"5":[1,6],"6":[6,6],"7":[6,6]},"_coverageSchema":"1a1c01bbd47fc00a2c39e90264f33305004495a9","hash":"52c75ef9eac8e3d57aefcca8046d714973b0c1f1"}
}
