TN:
SF:src\App.jsx
FN:4,App
FN:8,(anonymous_1)
FN:18,(anonymous_2)
FNF:3
FNH:3
FNDA:9,App
FNDA:3,(anonymous_1)
FNDA:1,(anonymous_2)
DA:5,9
DA:6,9
DA:8,9
DA:10,3
DA:15,3
DA:18,9
DA:19,1
DA:20,1
DA:23,9
DA:24,6
DA:41,3
LF:11
LH:11
BRDA:23,0,0,6
BRDA:23,0,1,3
BRF:2
BRH:2
end_of_record
TN:
SF:src\CompanyService.jsx
FN:3,(anonymous_0)
FN:8,(anonymous_1)
FN:15,(anonymous_2)
FN:18,(anonymous_3)
FN:25,(anonymous_4)
FN:34,(anonymous_5)
FN:55,(anonymous_6)
FN:58,(anonymous_7)
FN:73,(anonymous_8)
FN:76,(anonymous_9)
FN:85,(anonymous_10)
FN:88,(anonymous_11)
FN:96,(anonymous_12)
FN:97,(anonymous_13)
FN:101,(anonymous_14)
FN:130,(anonymous_15)
FNF:16
FNH:16
FNDA:2,(anonymous_0)
FNDA:5,(anonymous_1)
FNDA:3,(anonymous_2)
FNDA:1,(anonymous_3)
FNDA:11,(anonymous_4)
FNDA:1,(anonymous_5)
FNDA:2,(anonymous_6)
FNDA:1,(anonymous_7)
FNDA:2,(anonymous_8)
FNDA:1,(anonymous_9)
FNDA:2,(anonymous_10)
FNDA:1,(anonymous_11)
FNDA:26,(anonymous_12)
FNDA:26,(anonymous_13)
FNDA:4,(anonymous_14)
FNDA:37,(anonymous_15)
DA:4,2
DA:5,2
DA:10,5
DA:12,2
DA:16,3
DA:18,3
DA:19,3
DA:20,2
DA:22,1
DA:26,11
DA:29,11
DA:30,2
DA:34,9
DA:35,9
DA:36,1
DA:39,8
DA:51,8
DA:52,8
DA:56,2
DA:58,2
DA:59,2
DA:60,1
DA:63,1
DA:69,1
DA:70,1
DA:74,2
DA:76,2
DA:77,2
DA:78,1
DA:81,1
DA:82,1
DA:86,2
DA:88,2
DA:89,2
DA:90,1
DA:92,1
DA:97,26
DA:102,4
DA:126,4
DA:131,37
DA:132,37
DA:137,2
DA:140,2
LF:43
LH:43
BRDA:19,0,0,2
BRDA:19,0,1,1
BRDA:29,1,0,2
BRDA:29,1,1,9
BRDA:29,2,0,11
BRDA:29,2,1,10
BRDA:35,3,0,1
BRDA:35,3,1,8
BRDA:43,4,0,8
BRDA:43,4,1,7
BRDA:59,5,0,1
BRDA:59,5,1,1
BRDA:77,6,0,1
BRDA:77,6,1,1
BRDA:89,7,0,1
BRDA:89,7,1,1
BRF:16
BRH:16
end_of_record
TN:
SF:src\Dashboard.jsx
FN:4,(anonymous_0)
FN:15,(anonymous_1)
FN:19,(anonymous_2)
FN:30,(anonymous_3)
FN:31,(anonymous_4)
FN:32,(anonymous_5)
FN:41,(anonymous_6)
FN:53,(anonymous_7)
FN:62,(anonymous_8)
FN:65,(anonymous_9)
FN:69,(anonymous_10)
FN:146,(anonymous_11)
FN:178,(anonymous_12)
FNF:13
FNH:11
FNDA:23,(anonymous_0)
FNDA:12,(anonymous_1)
FNDA:13,(anonymous_2)
FNDA:12,(anonymous_3)
FNDA:12,(anonymous_4)
FNDA:12,(anonymous_5)
FNDA:2,(anonymous_6)
FNDA:0,(anonymous_7)
FNDA:1,(anonymous_8)
FNDA:2,(anonymous_9)
FNDA:0,(anonymous_10)
FNDA:12,(anonymous_11)
FNDA:1,(anonymous_12)
DA:4,2
DA:5,23
DA:11,23
DA:12,23
DA:13,23
DA:15,23
DA:16,12
DA:19,23
DA:20,13
DA:21,13
DA:22,13
DA:24,13
DA:25,7
DA:28,7
DA:30,12
DA:31,12
DA:32,12
DA:35,2
DA:37,9
DA:41,23
DA:42,2
DA:43,2
DA:49,2
DA:50,1
DA:53,1
DA:58,1
DA:62,23
DA:63,1
DA:64,1
DA:65,2
DA:66,1
DA:69,1
DA:74,0
DA:78,23
DA:79,13
DA:86,10
DA:87,3
DA:98,7
DA:147,12
DA:178,1
LF:40
LH:39
BRDA:30,0,0,12
BRDA:30,0,1,0
BRDA:31,1,0,12
BRDA:31,1,1,0
BRDA:32,2,0,12
BRDA:32,2,1,0
BRDA:78,3,0,13
BRDA:78,3,1,10
BRDA:86,4,0,3
BRDA:86,4,1,7
BRDA:142,5,0,1
BRDA:142,5,1,6
BRDA:167,6,0,6
BRDA:167,6,1,6
BRDA:168,7,0,6
BRDA:168,7,1,6
BRF:16
BRH:13
end_of_record
